<?xml version="1.0" encoding="UTF-8"?>
<testsuites name="TS" time="4.207" tests="1" failures="0" errors="0">
   <testsuite name="TS" tests="1" failures="0" errors="0" time="4.207" skipped="0" timestamp="2022-07-22 13:33:52" hostname="thanh.pnguyen - GXHW2D3" id="Test Suites/TS">
      <properties>
         <property name="deviceName" value=""/>
         <property name="devicePlatform" value=""/>
         <property name="logFolder" value="C:\\Users\\thanh.pnguyen\\git\\Demo01\\Reports\\20220722_133340\\TS\\20220722_133341"/>
         <property name="logFiles" value="C:\\Users\\thanh.pnguyen\\git\\Demo01\\Reports\\20220722_133340\\TS\\20220722_133341\\execution0.log"/>
         <property name="attachments" value=""/>
         <property name="hostName" value="thanh.pnguyen - GXHW2D3"/>
         <property name="os" value="Windows 10 64bit"/>
         <property name="katalonVersion" value="8.4.0.208"/>
         <property name="browser" value="Chrome 103.0.5060.134"/>
         <property name="hostAddress" value="10.10.34.185"/>
         <property name="sessionId" value="6f9da0769c4646e63db89c195a25d303"/>
         <property name="seleniumVersion" value="3.141.59"/>
         <property name="proxyInformation" value="ProxyInformation { proxyOption=NO_PROXY, proxyServerType=HTTP, username=, password=********, proxyServerAddress=, proxyServerPort=0, executionList=&quot;&quot;, isApplyToDesiredCapabilities=true }"/>
         <property name="platform" value="Windows 10"/>
      </properties>
      <testcase name="Test Cases/TC" time="3.953" classname="Test Cases/TC" status="PASSED">
         <system-out><![CDATA[2022-07-22 13:33:52 - [TEST_CASE][PASSED] - Test Cases/TC: Test Cases/TC

2022-07-22 13:33:53 - [TEST_STEP][PASSED] - openBrowser(""): Browser is opened with url: ''

2022-07-22 13:33:53 - [MESSAGE][INFO] - Starting 'Chrome' driver

2022-07-22 13:33:53 - [MESSAGE][INFO] - Action delay is set to 0 milliseconds

2022-07-22 13:33:55 - [MESSAGE][PASSED] - Browser is opened with url: ''

2022-07-22 13:33:55 - [TEST_STEP][PASSED] - navigateToUrl("https://google.com"): Navigate to 'https://google.com' successfully

2022-07-22 13:33:56 - [MESSAGE][PASSED] - Navigate to 'https://google.com' successfully]]></system-out>
         <system-err><![CDATA[]]></system-err>
      </testcase>
      <system-out><![CDATA[2022-07-22 13:33:52 - [TEST_SUITE][PASSED] - TS: Test Cases/TC]]></system-out>
      <system-err><![CDATA[]]></system-err>
   </testsuite>
</testsuites>
